<?xml version="1.0" encoding="UTF-8"?>
<!-- Generated by org.testng.reporters.JUnitXMLReporter -->
<testsuite ignored="0" hostname="R" failures="0" tests="5" name="HR Tests" time="35.164" errors="0" timestamp="2026-07-02T00:59:46 IST">
  <testcase classname="tests.LoginTest" name="verifyLogin" time="2.2"/>
  <testcase classname="tests.LogoutTest" name="verifyLogout" time="4.177"/>
  <testcase classname="tests.LoginTest" name="verifyLogin" time="9.25"/>
  <testcase classname="tests.SearchEmployeeTest" name="verifySearchEmployee" time="3.748"/>
  <testcase classname="tests.AddEmployeeTest" name="verifyAddEmployee" time="15.543"/>
</testsuite> <!-- HR Tests -->
