<?xml version="1.0" encoding="UTF-8"?>
<!-- Generated by org.testng.reporters.JUnitXMLReporter -->
<testsuite ignored="0" hostname="R" failures="0" tests="5" name="HR Tests" time="79.505" errors="0" timestamp="2026-07-01T16:07:10 IST">
  <testcase classname="tests.LoginTest" name="verifyLogin" time="2.489"/>
  <testcase classname="tests.LoginTest" name="verifyLogin" time="2.566"/>
  <testcase classname="tests.LogoutTest" name="verifyLogout" time="4.172"/>
  <testcase classname="tests.AddEmployeeTest" name="verifyAddEmployee" time="29.066"/>
  <testcase classname="tests.SearchEmployeeTest" name="verifySearchEmployee" time="5.335"/>
</testsuite> <!-- HR Tests -->
