<?xml version="1.0" encoding="UTF-8"?>
<testng-results ignored="0" total="5" passed="5" failed="0" skipped="0">
  <reporter-output>
  </reporter-output>
  <suite started-at="2026-06-29T23:00:05 IST" name="Enterprise HR Automation Suite" finished-at="2026-06-29T23:00:41 IST" duration-ms="36227">
    <groups>
    </groups>
    <test started-at="2026-06-29T23:00:05 IST" name="HR Tests" finished-at="2026-06-29T23:00:41 IST" duration-ms="36227">
      <class name="tests.LoginTest">
        <test-method is-config="true" signature="setup()[pri:0, instance:tests.LoginTest@7e6f74c]" started-at="2026-06-29T23:00:06 IST" name="setup" finished-at="2026-06-29T23:00:14 IST" duration-ms="7926" status="PASS">
          <reporter-output>
          </reporter-output>
        </test-method> <!-- setup -->
        <test-method signature="verifyLogin(java.lang.String,java.lang.String)[pri:0, instance:tests.LoginTest@7e6f74c]" started-at="2026-06-29T23:00:14 IST" name="verifyLogin" data-provider="loginData" finished-at="2026-06-29T23:00:16 IST" duration-ms="1857" status="PASS">
          <params>
            <param index="0">
              <value>
                <![CDATA[Admin]]>
              </value>
            </param>
            <param index="1">
              <value>
                <![CDATA[admin123]]>
              </value>
            </param>
          </params>
          <reporter-output>
          </reporter-output>
        </test-method> <!-- verifyLogin -->
        <test-method is-config="true" signature="tearDown()[pri:0, instance:tests.LoginTest@7e6f74c]" started-at="2026-06-29T23:00:16 IST" name="tearDown" finished-at="2026-06-29T23:00:16 IST" duration-ms="135" status="PASS">
          <reporter-output>
          </reporter-output>
        </test-method> <!-- tearDown -->
        <test-method is-config="true" signature="setup()[pri:0, instance:tests.LoginTest@7e6f74c]" started-at="2026-06-29T23:00:16 IST" name="setup" finished-at="2026-06-29T23:00:18 IST" duration-ms="2729" status="PASS">
          <reporter-output>
          </reporter-output>
        </test-method> <!-- setup -->
        <test-method signature="verifyLogin(java.lang.String,java.lang.String)[pri:0, instance:tests.LoginTest@7e6f74c]" started-at="2026-06-29T23:00:18 IST" name="verifyLogin" data-provider="loginData" finished-at="2026-06-29T23:00:20 IST" duration-ms="1929" status="PASS">
          <params>
            <param index="0">
              <value>
                <![CDATA[Admin]]>
              </value>
            </param>
            <param index="1">
              <value>
                <![CDATA[admin123]]>
              </value>
            </param>
          </params>
          <reporter-output>
          </reporter-output>
        </test-method> <!-- verifyLogin -->
        <test-method is-config="true" signature="tearDown()[pri:0, instance:tests.LoginTest@7e6f74c]" started-at="2026-06-29T23:00:20 IST" name="tearDown" finished-at="2026-06-29T23:00:21 IST" duration-ms="105" status="PASS">
          <reporter-output>
          </reporter-output>
        </test-method> <!-- tearDown -->
      </class> <!-- tests.LoginTest -->
      <class name="tests.AddEmployeeTest">
        <test-method is-config="true" signature="setup()[pri:0, instance:tests.AddEmployeeTest@1ff4931d]" started-at="2026-06-29T23:00:26 IST" name="setup" finished-at="2026-06-29T23:00:29 IST" duration-ms="2718" status="PASS">
          <reporter-output>
          </reporter-output>
        </test-method> <!-- setup -->
        <test-method signature="verifyAddEmployee()[pri:0, instance:tests.AddEmployeeTest@1ff4931d]" started-at="2026-06-29T23:00:29 IST" name="verifyAddEmployee" finished-at="2026-06-29T23:00:34 IST" duration-ms="5360" status="PASS">
          <reporter-output>
          </reporter-output>
        </test-method> <!-- verifyAddEmployee -->
        <test-method is-config="true" signature="tearDown()[pri:0, instance:tests.AddEmployeeTest@1ff4931d]" started-at="2026-06-29T23:00:34 IST" name="tearDown" finished-at="2026-06-29T23:00:35 IST" duration-ms="110" status="PASS">
          <reporter-output>
          </reporter-output>
        </test-method> <!-- tearDown -->
      </class> <!-- tests.AddEmployeeTest -->
      <class name="tests.LogoutTest">
        <test-method is-config="true" signature="setup()[pri:0, instance:tests.LogoutTest@710f4dc7]" started-at="2026-06-29T23:00:21 IST" name="setup" finished-at="2026-06-29T23:00:23 IST" duration-ms="2856" status="PASS">
          <reporter-output>
          </reporter-output>
        </test-method> <!-- setup -->
        <test-method signature="verifyLogout()[pri:0, instance:tests.LogoutTest@710f4dc7]" started-at="2026-06-29T23:00:23 IST" name="verifyLogout" finished-at="2026-06-29T23:00:26 IST" duration-ms="2897" status="PASS">
          <reporter-output>
          </reporter-output>
        </test-method> <!-- verifyLogout -->
        <test-method is-config="true" signature="tearDown()[pri:0, instance:tests.LogoutTest@710f4dc7]" started-at="2026-06-29T23:00:26 IST" name="tearDown" finished-at="2026-06-29T23:00:26 IST" duration-ms="103" status="PASS">
          <reporter-output>
          </reporter-output>
        </test-method> <!-- tearDown -->
      </class> <!-- tests.LogoutTest -->
      <class name="tests.SearchEmployeeTest">
        <test-method is-config="true" signature="setup()[pri:0, instance:tests.SearchEmployeeTest@65e98b1c]" started-at="2026-06-29T23:00:35 IST" name="setup" finished-at="2026-06-29T23:00:37 IST" duration-ms="2721" status="PASS">
          <reporter-output>
          </reporter-output>
        </test-method> <!-- setup -->
        <test-method signature="verifySearchEmployee()[pri:0, instance:tests.SearchEmployeeTest@65e98b1c]" started-at="2026-06-29T23:00:37 IST" name="verifySearchEmployee" finished-at="2026-06-29T23:00:41 IST" duration-ms="3524" status="PASS">
          <reporter-output>
          </reporter-output>
        </test-method> <!-- verifySearchEmployee -->
        <test-method is-config="true" signature="tearDown()[pri:0, instance:tests.SearchEmployeeTest@65e98b1c]" started-at="2026-06-29T23:00:41 IST" name="tearDown" finished-at="2026-06-29T23:00:41 IST" duration-ms="92" status="PASS">
          <reporter-output>
          </reporter-output>
        </test-method> <!-- tearDown -->
      </class> <!-- tests.SearchEmployeeTest -->
    </test> <!-- HR Tests -->
  </suite> <!-- Enterprise HR Automation Suite -->
</testng-results>
