<?xml version="1.0" encoding="UTF-8"?>
<testng-results ignored="0" total="3" passed="3" failed="0" skipped="0">
  <reporter-output>
  </reporter-output>
  <suite started-at="2026-06-29T11:40:30 IST" name="Enterprise HR Automation Suite" finished-at="2026-06-29T11:41:02 IST" duration-ms="32084">
    <groups>
    </groups>
    <test started-at="2026-06-29T11:40:30 IST" name="HR Tests" finished-at="2026-06-29T11:41:02 IST" duration-ms="32084">
      <class name="tests.LoginTest">
        <test-method is-config="true" signature="setup()[pri:0, instance:tests.LoginTest@6150c3ec]" started-at="2026-06-29T11:40:30 IST" name="setup" finished-at="2026-06-29T11:40:38 IST" duration-ms="8312" status="PASS">
          <reporter-output>
          </reporter-output>
        </test-method> <!-- setup -->
        <test-method signature="verifyLogin()[pri:0, instance:tests.LoginTest@6150c3ec]" started-at="2026-06-29T11:40:38 IST" name="verifyLogin" finished-at="2026-06-29T11:40:41 IST" duration-ms="2193" status="PASS">
          <reporter-output>
          </reporter-output>
        </test-method> <!-- verifyLogin -->
        <test-method is-config="true" signature="tearDown()[pri:0, instance:tests.LoginTest@6150c3ec]" started-at="2026-06-29T11:40:41 IST" name="tearDown" finished-at="2026-06-29T11:40:41 IST" duration-ms="140" status="PASS">
          <reporter-output>
          </reporter-output>
        </test-method> <!-- tearDown -->
      </class> <!-- tests.LoginTest -->
      <class name="tests.AddEmployeeTest">
        <test-method is-config="true" signature="setup()[pri:0, instance:tests.AddEmployeeTest@2925bf5b]" started-at="2026-06-29T11:40:50 IST" name="setup" finished-at="2026-06-29T11:40:56 IST" duration-ms="6241" status="PASS">
          <reporter-output>
          </reporter-output>
        </test-method> <!-- setup -->
        <test-method signature="verifyAddEmployee()[pri:0, instance:tests.AddEmployeeTest@2925bf5b]" started-at="2026-06-29T11:40:56 IST" name="verifyAddEmployee" finished-at="2026-06-29T11:41:02 IST" duration-ms="5490" status="PASS">
          <reporter-output>
          </reporter-output>
        </test-method> <!-- verifyAddEmployee -->
        <test-method is-config="true" signature="tearDown()[pri:0, instance:tests.AddEmployeeTest@2925bf5b]" started-at="2026-06-29T11:41:02 IST" name="tearDown" finished-at="2026-06-29T11:41:02 IST" duration-ms="131" status="PASS">
          <reporter-output>
          </reporter-output>
        </test-method> <!-- tearDown -->
      </class> <!-- tests.AddEmployeeTest -->
      <class name="tests.LogoutTest">
        <test-method is-config="true" signature="setup()[pri:0, instance:tests.LogoutTest@45c7e403]" started-at="2026-06-29T11:40:41 IST" name="setup" finished-at="2026-06-29T11:40:47 IST" duration-ms="6254" status="PASS">
          <reporter-output>
          </reporter-output>
        </test-method> <!-- setup -->
        <test-method signature="verifyLogout()[pri:0, instance:tests.LogoutTest@45c7e403]" started-at="2026-06-29T11:40:47 IST" name="verifyLogout" finished-at="2026-06-29T11:40:50 IST" duration-ms="3149" status="PASS">
          <reporter-output>
          </reporter-output>
        </test-method> <!-- verifyLogout -->
        <test-method is-config="true" signature="tearDown()[pri:0, instance:tests.LogoutTest@45c7e403]" started-at="2026-06-29T11:40:50 IST" name="tearDown" finished-at="2026-06-29T11:40:50 IST" duration-ms="131" status="PASS">
          <reporter-output>
          </reporter-output>
        </test-method> <!-- tearDown -->
      </class> <!-- tests.LogoutTest -->
    </test> <!-- HR Tests -->
  </suite> <!-- Enterprise HR Automation Suite -->
</testng-results>
